<?xml version="1.0" encoding="UTF-8"?>
<!-- Generated by org.testng.reporters.JUnitXMLReporter -->
<testsuite ignored="0" hostname="DESKTOP-VL2N6EH" failures="0" tests="2" name="TC01_Add_Education" time="36.257" errors="0" timestamp="2020-03-24T08:41:42 IST">
  <testcase classname="TestCases.TC01_Add_Education" name="Nationality_call_allmethods" time="11.781"/>
  <testcase classname="TestCases.TC01_Add_Education" name="Nationality_call_allmethods" time="3.047"/>
</testsuite> <!-- TC01_Add_Education -->
