<?xml version="1.0" encoding="UTF-8"?>
<!-- Generated by org.testng.reporters.JUnitXMLReporter -->
<testsuite ignored="0" hostname="DESKTOP-VL2N6EH" failures="0" tests="2" name="TC01_Add_Education" time="35.822" errors="0" timestamp="2020-03-24T08:53:48 IST">
  <testcase classname="TestCases.TC01_Add_Education" name="Nationality_call_allmethods" time="12.53"/>
  <testcase classname="TestCases.TC01_Add_Education" name="Nationality_call_allmethods" time="3.222"/>
</testsuite> <!-- TC01_Add_Education -->
